# JRE version: Java(TM) SE Runtime Environment (8.0_191-b12) (build 1.8.0_191-b12)
# Java VM: Java HotSpot(TM) Client VM (25.191-b12 mixed mode windows-x86 )
Heap:
 def new generation   total 73280K, used 73280K [0x04a00000, 0x09980000, 0x09f50000)
  eden space 65152K, 100% used [0x04a00000, 0x089a0000, 0x089a0000)
  from space 8128K, 100% used [0x089a0000, 0x09190000, 0x09190000)
  to   space 8128K,   0% used [0x09190000, 0x09190000, 0x09980000)
 tenured generation   total 162760K, used 155764K [0x09f50000, 0x13e42000, 0x14a00000)
   the space 162760K,  95% used [0x09f50000, 0x1376d1e8, 0x1376d200, 0x13e42000)
 Metaspace       used 25443K, capacity 26439K, committed 26496K, reserved 27008K
GC Heap History (10 events):
Event: 2186.093 GC heap after
Heap after GC invocations=577 (full 13):
 def new generation   total 73280K, used 870K [0x04a00000, 0x09980000, 0x09f50000)
  eden space 65152K,   0% used [0x04a00000, 0x04a00000, 0x089a0000)
  from space 8128K,  10% used [0x089a0000, 0x08a79b70, 0x09190000)
  to   space 8128K,   0% used [0x09190000, 0x09190000, 0x09980000)
 tenured generation   total 162760K, used 97443K [0x09f50000, 0x13e42000, 0x14a00000)
   the space 162760K,  59% used [0x09f50000, 0x0fe78e70, 0x0fe79000, 0x13e42000)
 Metaspace       used 25443K, capacity 26439K, committed 26496K, reserved 27008K
}
Event: 2186.348 GC heap before
{Heap before GC invocations=577 (full 13):
 def new generation   total 73280K, used 66022K [0x04a00000, 0x09980000, 0x09f50000)
  eden space 65152K, 100% used [0x04a00000, 0x089a0000, 0x089a0000)
  from space 8128K,  10% used [0x089a0000, 0x08a79b70, 0x09190000)
  to   space 8128K,   0% used [0x09190000, 0x09190000, 0x09980000)
 tenured generation   total 162760K, used 97443K [0x09f50000, 0x13e42000, 0x14a00000)
   the space 162760K,  59% used [0x09f50000, 0x0fe78e70, 0x0fe79000, 0x13e42000)
 Metaspace       used 25443K, capacity 26439K, committed 26496K, reserved 27008K
Event: 2186.352 GC heap after
Heap after GC invocations=578 (full 13):
 def new generation   total 73280K, used 4826K [0x04a00000, 0x09980000, 0x09f50000)
  eden space 65152K,   0% used [0x04a00000, 0x04a00000, 0x089a0000)
  from space 8128K,  59% used [0x09190000, 0x09646a18, 0x09980000)
  to   space 8128K,   0% used [0x089a0000, 0x089a0000, 0x09190000)
 tenured generation   total 162760K, used 97454K [0x09f50000, 0x13e42000, 0x14a00000)
   the space 162760K,  59% used [0x09f50000, 0x0fe7b828, 0x0fe7ba00, 0x13e42000)
 Metaspace       used 25443K, capacity 26439K, committed 26496K, reserved 27008K
}
Event: 2186.681 GC heap before
{Heap before GC invocations=578 (full 13):
 def new generation   total 73280K, used 69978K [0x04a00000, 0x09980000, 0x09f50000)
  eden space 65152K, 100% used [0x04a00000, 0x089a0000, 0x089a0000)
  from space 8128K,  59% used [0x09190000, 0x09646a18, 0x09980000)
  to   space 8128K,   0% used [0x089a0000, 0x089a0000, 0x09190000)
 tenured generation   total 162760K, used 97454K [0x09f50000, 0x13e42000, 0x14a00000)
   the space 162760K,  59% used [0x09f50000, 0x0fe7b828, 0x0fe7ba00, 0x13e42000)
 Metaspace       used 25443K, capacity 26439K, committed 26496K, reserved 27008K
Event: 2186.706 GC heap after
Heap after GC invocations=579 (full 13):
 def new generation   total 73280K, used 8128K [0x04a00000, 0x09980000, 0x09f50000)
  eden space 65152K,   0% used [0x04a00000, 0x04a00000, 0x089a0000)
  from space 8128K, 100% used [0x089a0000, 0x09190000, 0x09190000)
  to   space 8128K,   0% used [0x09190000, 0x09190000, 0x09980000)
 tenured generation   total 162760K, used 110688K [0x09f50000, 0x13e42000, 0x14a00000)
   the space 162760K,  68% used [0x09f50000, 0x10b683f0, 0x10b68400, 0x13e42000)
 Metaspace       used 25443K, capacity 26439K, committed 26496K, reserved 27008K
}
Event: 2186.833 GC heap before
{Heap before GC invocations=579 (full 13):
 def new generation   total 73280K, used 73280K [0x04a00000, 0x09980000, 0x09f50000)
  eden space 65152K, 100% used [0x04a00000, 0x089a0000, 0x089a0000)
  from space 8128K, 100% used [0x089a0000, 0x09190000, 0x09190000)
  to   space 8128K,   0% used [0x09190000, 0x09190000, 0x09980000)
 tenured generation   total 162760K, used 110688K [0x09f50000, 0x13e42000, 0x14a00000)
   the space 162760K,  68% used [0x09f50000, 0x10b683f0, 0x10b68400, 0x13e42000)
 Metaspace       used 25443K, capacity 26439K, committed 26496K, reserved 27008K
Event: 2186.855 GC heap after
Heap after GC invocations=580 (full 13):
 def new generation   total 73280K, used 8128K [0x04a00000, 0x09980000, 0x09f50000)
  eden space 65152K,   0% used [0x04a00000, 0x04a00000, 0x089a0000)
  from space 8128K, 100% used [0x09190000, 0x09980000, 0x09980000)
  to   space 8128K,   0% used [0x089a0000, 0x089a0000, 0x09190000)
 tenured generation   total 162760K, used 124041K [0x09f50000, 0x13e42000, 0x14a00000)
   the space 162760K,  76% used [0x09f50000, 0x11872690, 0x11872800, 0x13e42000)
 Metaspace       used 25443K, capacity 26439K, committed 26496K, reserved 27008K
}
Event: 2187.028 GC heap before
{Heap before GC invocations=580 (full 13):
 def new generation   total 73280K, used 73280K [0x04a00000, 0x09980000, 0x09f50000)
  eden space 65152K, 100% used [0x04a00000, 0x089a0000, 0x089a0000)
  from space 8128K, 100% used [0x09190000, 0x09980000, 0x09980000)
  to   space 8128K,   0% used [0x089a0000, 0x089a0000, 0x09190000)
 tenured generation   total 162760K, used 124041K [0x09f50000, 0x13e42000, 0x14a00000)
   the space 162760K,  76% used [0x09f50000, 0x11872690, 0x11872800, 0x13e42000)
 Metaspace       used 25443K, capacity 26439K, committed 26496K, reserved 27008K
Event: 2187.077 GC heap after
Heap after GC invocations=581 (full 13):
 def new generation   total 73280K, used 8128K [0x04a00000, 0x09980000, 0x09f50000)
  eden space 65152K,   0% used [0x04a00000, 0x04a00000, 0x089a0000)
  from space 8128K, 100% used [0x089a0000, 0x09190000, 0x09190000)
  to   space 8128K,   0% used [0x09190000, 0x09190000, 0x09980000)
 tenured generation   total 162760K, used 155764K [0x09f50000, 0x13e42000, 0x14a00000)
   the space 162760K,  95% used [0x09f50000, 0x1376d1e8, 0x1376d200, 0x13e42000)
 Metaspace       used 25443K, capacity 26439K, committed 26496K, reserved 27008K
}
Event: 2187.240 GC heap before
{Heap before GC invocations=581 (full 13):
 def new generation   total 73280K, used 73280K [0x04a00000, 0x09980000, 0x09f50000)
  eden space 65152K, 100% used [0x04a00000, 0x089a0000, 0x089a0000)
  from space 8128K, 100% used [0x089a0000, 0x09190000, 0x09190000)
  to   space 8128K,   0% used [0x09190000, 0x09190000, 0x09980000)
 tenured generation   total 162760K, used 155764K [0x09f50000, 0x13e42000, 0x14a00000)
   the space 162760K,  95% used [0x09f50000, 0x1376d1e8, 0x1376d200, 0x13e42000)
 Metaspace       used 25443K, capacity 26439K, committed 26496K, reserved 27008K

